# JRE version: OpenJDK Runtime Environment (8.0_332-b08) (build 1.8.0_332-b08)
# Java VM: OpenJDK 64-Bit Server VM (25.332-b08 mixed mode windows-amd64 compressed oops)
Heap:
 PSYoungGen      total 334848K, used 150985K [0x000000076bb80000, 0x0000000787180000, 0x00000007c0000000)
  eden space 311296K, 43% used [0x000000076bb80000,0x0000000773ff8b10,0x000000077eb80000)
  from space 23552K, 65% used [0x000000077eb80000,0x000000077fa79b70,0x0000000780280000)
  to   space 23040K, 0% used [0x0000000785b00000,0x0000000785b00000,0x0000000787180000)
 ParOldGen       total 252928K, used 40091K [0x00000006c3200000, 0x00000006d2900000, 0x000000076bb80000)
  object space 252928K, 15% used [0x00000006c3200000,0x00000006c5926db8,0x00000006d2900000)
 Metaspace       used 59676K, capacity 63644K, committed 63832K, reserved 1103872K
  class space    used 8061K, capacity 8741K, committed 8832K, reserved 1048576K
GC Heap History (10 events):
Event: 12.505 GC heap before
{Heap before GC invocations=6 (full 1):
 PSYoungGen      total 217088K, used 118077K [0x000000076bb80000, 0x000000077ce80000, 0x00000007c0000000)
  eden space 206336K, 52% used [0x000000076bb80000,0x0000000772453f30,0x0000000778500000)
  from space 10752K, 99% used [0x000000077c400000,0x000000077ce7b800,0x000000077ce80000)
  to   space 10752K, 0% used [0x000000077b980000,0x000000077b980000,0x000000077c400000)
 ParOldGen       total 97280K, used 8520K [0x00000006c3200000, 0x00000006c9100000, 0x000000076bb80000)
  object space 97280K, 8% used [0x00000006c3200000,0x00000006c3a52270,0x00000006c9100000)
 Metaspace       used 33109K, capacity 35284K, committed 35416K, reserved 1079296K
  class space    used 4243K, capacity 4665K, committed 4736K, reserved 1048576K
Event: 12.535 GC heap after
Heap after GC invocations=6 (full 1):
 PSYoungGen      total 270848K, used 10748K [0x000000076bb80000, 0x0000000781200000, 0x00000007c0000000)
  eden space 260096K, 0% used [0x000000076bb80000,0x000000076bb80000,0x000000077b980000)
  from space 10752K, 99% used [0x000000077b980000,0x000000077c3ff3f0,0x000000077c400000)
  to   space 15872K, 0% used [0x0000000780280000,0x0000000780280000,0x0000000781200000)
 ParOldGen       total 97280K, used 12579K [0x00000006c3200000, 0x00000006c9100000, 0x000000076bb80000)
  object space 97280K, 12% used [0x00000006c3200000,0x00000006c3e48da0,0x00000006c9100000)
 Metaspace       used 33109K, capacity 35284K, committed 35416K, reserved 1079296K
  class space    used 4243K, capacity 4665K, committed 4736K, reserved 1048576K
}
Event: 12.535 GC heap before
{Heap before GC invocations=7 (full 2):
 PSYoungGen      total 270848K, used 10748K [0x000000076bb80000, 0x0000000781200000, 0x00000007c0000000)
  eden space 260096K, 0% used [0x000000076bb80000,0x000000076bb80000,0x000000077b980000)
  from space 10752K, 99% used [0x000000077b980000,0x000000077c3ff3f0,0x000000077c400000)
  to   space 15872K, 0% used [0x0000000780280000,0x0000000780280000,0x0000000781200000)
 ParOldGen       total 97280K, used 12579K [0x00000006c3200000, 0x00000006c9100000, 0x000000076bb80000)
  object space 97280K, 12% used [0x00000006c3200000,0x00000006c3e48da0,0x00000006c9100000)
 Metaspace       used 33109K, capacity 35284K, committed 35416K, reserved 1079296K
  class space    used 4243K, capacity 4665K, committed 4736K, reserved 1048576K
Event: 12.793 GC heap after
Heap after GC invocations=7 (full 2):
 PSYoungGen      total 270848K, used 0K [0x000000076bb80000, 0x0000000781200000, 0x00000007c0000000)
  eden space 260096K, 0% used [0x000000076bb80000,0x000000076bb80000,0x000000077b980000)
  from space 10752K, 0% used [0x000000077b980000,0x000000077b980000,0x000000077c400000)
  to   space 15872K, 0% used [0x0000000780280000,0x0000000780280000,0x0000000781200000)
 ParOldGen       total 166400K, used 18942K [0x00000006c3200000, 0x00000006cd480000, 0x000000076bb80000)
  object space 166400K, 11% used [0x00000006c3200000,0x00000006c447f9e0,0x00000006cd480000)
 Metaspace       used 33109K, capacity 35284K, committed 35416K, reserved 1079296K
  class space    used 4243K, capacity 4665K, committed 4736K, reserved 1048576K
}
Event: 19.876 GC heap before
{Heap before GC invocations=8 (full 2):
 PSYoungGen      total 270848K, used 229147K [0x000000076bb80000, 0x0000000781200000, 0x00000007c0000000)
  eden space 260096K, 88% used [0x000000076bb80000,0x0000000779b46ec0,0x000000077b980000)
  from space 10752K, 0% used [0x000000077b980000,0x000000077b980000,0x000000077c400000)
  to   space 15872K, 0% used [0x0000000780280000,0x0000000780280000,0x0000000781200000)
 ParOldGen       total 166400K, used 18942K [0x00000006c3200000, 0x00000006cd480000, 0x000000076bb80000)
  object space 166400K, 11% used [0x00000006c3200000,0x00000006c447f9e0,0x00000006cd480000)
 Metaspace       used 55436K, capacity 58926K, committed 59028K, reserved 1099776K
  class space    used 7524K, capacity 8134K, committed 8192K, reserved 1048576K
Event: 19.938 GC heap after
Heap after GC invocations=8 (full 2):
 PSYoungGen      total 327168K, used 15847K [0x000000076bb80000, 0x0000000784580000, 0x00000007c0000000)
  eden space 311296K, 0% used [0x000000076bb80000,0x000000076bb80000,0x000000077eb80000)
  from space 15872K, 99% used [0x0000000780280000,0x00000007811f9d58,0x0000000781200000)
  to   space 23552K, 0% used [0x000000077eb80000,0x000000077eb80000,0x0000000780280000)
 ParOldGen       total 166400K, used 28984K [0x00000006c3200000, 0x00000006cd480000, 0x000000076bb80000)
  object space 166400K, 17% used [0x00000006c3200000,0x00000006c4e4e1a0,0x00000006cd480000)
 Metaspace       used 55436K, capacity 58926K, committed 59028K, reserved 1099776K
  class space    used 7524K, capacity 8134K, committed 8192K, reserved 1048576K
}
Event: 19.938 GC heap before
{Heap before GC invocations=9 (full 3):
 PSYoungGen      total 327168K, used 15847K [0x000000076bb80000, 0x0000000784580000, 0x00000007c0000000)
  eden space 311296K, 0% used [0x000000076bb80000,0x000000076bb80000,0x000000077eb80000)
  from space 15872K, 99% used [0x0000000780280000,0x00000007811f9d58,0x0000000781200000)
  to   space 23552K, 0% used [0x000000077eb80000,0x000000077eb80000,0x0000000780280000)
 ParOldGen       total 166400K, used 28984K [0x00000006c3200000, 0x00000006cd480000, 0x000000076bb80000)
  object space 166400K, 17% used [0x00000006c3200000,0x00000006c4e4e1a0,0x00000006cd480000)
 Metaspace       used 55436K, capacity 58926K, committed 59028K, reserved 1099776K
  class space    used 7524K, capacity 8134K, committed 8192K, reserved 1048576K
Event: 20.317 GC heap after
Heap after GC invocations=9 (full 3):
 PSYoungGen      total 327168K, used 0K [0x000000076bb80000, 0x0000000784580000, 0x00000007c0000000)
  eden space 311296K, 0% used [0x000000076bb80000,0x000000076bb80000,0x000000077eb80000)
  from space 15872K, 0% used [0x0000000780280000,0x0000000780280000,0x0000000781200000)
  to   space 23552K, 0% used [0x000000077eb80000,0x000000077eb80000,0x0000000780280000)
 ParOldGen       total 252928K, used 40083K [0x00000006c3200000, 0x00000006d2900000, 0x000000076bb80000)
  object space 252928K, 15% used [0x00000006c3200000,0x00000006c5924db8,0x00000006d2900000)
 Metaspace       used 55436K, capacity 58926K, committed 59028K, reserved 1099776K
  class space    used 7524K, capacity 8134K, committed 8192K, reserved 1048576K
}
Event: 21.904 GC heap before
{Heap before GC invocations=10 (full 3):
 PSYoungGen      total 327168K, used 311245K [0x000000076bb80000, 0x0000000784580000, 0x00000007c0000000)
  eden space 311296K, 99% used [0x000000076bb80000,0x000000077eb73650,0x000000077eb80000)
  from space 15872K, 0% used [0x0000000780280000,0x0000000780280000,0x0000000781200000)
  to   space 23552K, 0% used [0x000000077eb80000,0x000000077eb80000,0x0000000780280000)
 ParOldGen       total 252928K, used 40083K [0x00000006c3200000, 0x00000006d2900000, 0x000000076bb80000)
  object space 252928K, 15% used [0x00000006c3200000,0x00000006c5924db8,0x00000006d2900000)
 Metaspace       used 56257K, capacity 59866K, committed 59992K, reserved 1101824K
  class space    used 7625K, capacity 8254K, committed 8320K, reserved 1048576K
Event: 21.928 GC heap after
Heap after GC invocations=10 (full 3):
 PSYoungGen      total 334848K, used 15334K [0x000000076bb80000, 0x0000000787180000, 0x00000007c0000000)
  eden space 311296K, 0% used [0x000000076bb80000,0x000000076bb80000,0x000000077eb80000)
  from space 23552K, 65% used [0x000000077eb80000,0x000000077fa79b70,0x0000000780280000)
  to   space 23040K, 0% used [0x0000000785b00000,0x0000000785b00000,0x0000000787180000)
 ParOldGen       total 252928K, used 40091K [0x00000006c3200000, 0x00000006d2900000, 0x000000076bb80000)
  object space 252928K, 15% used [0x00000006c3200000,0x00000006c5926db8,0x00000006d2900000)
 Metaspace       used 56257K, capacity 59866K, committed 59992K, reserved 1101824K
  class space    used 7625K, capacity 8254K, committed 8320K, reserved 1048576K
}

